[2016-12-10 08:26:21] START
[2016-12-10 08:42:02] EDIT estore/models/db1.py: 3
[2016-12-18 08:10:46] EDIT estore/views/default/showroom.html: 1
[2016-12-18 08:21:25] EDIT estore/controllers/default.py: 3
[2016-12-18 08:21:54] EDIT estore/controllers/default.py: 0
[2016-12-20 09:22:15] EDIT estore/models/menu.py: 0
[2016-12-20 09:28:33] EDIT estore/views/layout.html: -1
[2016-12-20 09:33:50] EDIT estore/views/layout.html: 0
[2016-12-20 09:35:08] EDIT estore/views/layout.html: 0
[2016-12-20 09:36:30] EDIT estore/models/menu.py: 0
[2016-12-20 09:39:08] EDIT estore/models/0.py: 0
[2016-12-20 09:41:38] EDIT estore/models/menu.py: 0
[2016-12-20 09:49:26] EDIT estore/controllers/default.py: 1
[2016-12-20 10:20:04] EDIT estore/controllers/default.py: 1
[2016-12-20 10:21:12] EDIT estore/controllers/default.py: 0
[2016-12-20 10:21:33] EDIT estore/controllers/default.py: 1
[2016-12-20 10:21:37] EDIT estore/controllers/default.py: 0
[2016-12-20 10:21:44] EDIT estore/controllers/default.py: 0
[2016-12-20 10:22:28] EDIT estore/controllers/default.py: 0
[2016-12-20 10:23:13] EDIT estore/controllers/default.py: 0
[2016-12-20 10:23:22] EDIT estore/controllers/default.py: 0
[2016-12-20 10:32:39] EDIT estore/controllers/default.py: 0
[2016-12-20 10:33:09] EDIT estore/controllers/default.py: 0
[2016-12-20 10:35:39] EDIT estore/controllers/default.py: 0
[2016-12-20 10:36:06] EDIT estore/controllers/default.py: 0
[2016-12-20 10:36:55] EDIT estore/controllers/default.py: 1
[2016-12-20 10:37:49] EDIT estore/controllers/default.py: 0
[2016-12-20 10:38:21] EDIT estore/controllers/default.py: 0
[2016-12-20 10:38:56] EDIT estore/controllers/default.py: 0
[2016-12-20 10:40:05] EDIT estore/controllers/default.py: 0
[2016-12-20 10:40:59] EDIT estore/controllers/default.py: 0
[2016-12-20 10:41:26] EDIT estore/controllers/default.py: 0
[2016-12-20 10:41:40] EDIT estore/controllers/default.py: 0
[2016-12-20 10:42:26] EDIT estore/controllers/default.py: 0
[2016-12-20 10:43:51] EDIT estore/controllers/default.py: 0
[2016-12-20 10:46:53] EDIT estore/controllers/default.py: -1
[2016-12-20 10:49:13] EDIT estore/views/default/showroom.html: 0
[2016-12-20 19:32:09] EDIT estore/views/default/showroom.html: 0
[2016-12-20 19:35:50] EDIT estore/views/default/cart.html: 0
[2016-12-20 19:38:20] EDIT estore/controllers/default.py: 0
[2016-12-20 19:39:01] EDIT estore/controllers/default.py: 1
[2016-12-20 19:39:59] EDIT estore/models/db1.py: 0
[2016-12-20 19:46:23] EDIT estore/views/default/checkout.html: 0
[2016-12-20 19:51:43] EDIT estore/views/layout.html: 0
[2016-12-21 22:03:00] EDIT estore/views/default/showroom.html: 17
[2016-12-21 22:03:27] EDIT estore/views/default/showroom.html: 1
[2016-12-21 22:05:41] EDIT estore/views/default/showroom.html: 0
[2016-12-21 22:10:18] EDIT estore/views/default/showroom.html: 2
[2016-12-21 22:10:50] EDIT estore/views/default/showroom.html: 11
[2016-12-21 22:11:06] EDIT estore/views/default/showroom.html: 11
[2016-12-21 22:12:22] EDIT estore/views/default/showroom.html: -15
[2016-12-21 22:12:38] EDIT estore/views/default/showroom.html: 0
[2016-12-21 22:22:53] EDIT estore/views/default/showroom.html: 1
[2016-12-21 22:28:22] EDIT estore/views/default/showroom.html: 0
[2016-12-21 22:43:30] EDIT estore/views/default/showroom.html: 0
[2016-12-25 00:21:16] EDIT estore/views/default/showroom.html: 7
[2016-12-25 00:28:01] EDIT estore/views/default/showroom.html: 6
[2016-12-25 01:30:47] EDIT estore/views/default/showroom.html: 6
[2016-12-25 02:00:58] EDIT estore/views/layout.html: 0
[2016-12-25 02:14:05] EDIT estore/models/menu.py: 0
[2016-12-25 02:21:43] EDIT estore/views/default/showroom.html: 1
[2017-02-14 19:55:15] CREATE angularjs/index.html: 0
[2017-02-14 20:55:24] EDIT estore/controllers/angularjs.py: 1
